{"logTime":"0715/172250","correlationVector":"nozAu81Xaxxv73zsf4oF6+.1","action":"SyncServerConnectionManagerRequest", "result":"SYNC_SERVER_OK", "context":{"environment":"48F630A6-CB1B-4CC7-86AF-0F6627234B58", "server":"BN3PEPF00000865"}}
{"logTime":"0715/172250","correlationVector":"3qvVyD5KFI7EKCmeKRUAls.1","action":"SyncServerConnectionManagerRequest", "result":"SYNC_SERVER_OK", "context":{"environment":"48F630A6-CB1B-4CC7-86AF-0F6627234B58", "server":"BN3PEPF00000865"}}
{"logTime":"0715/172250","correlationVector":"nozAu81Xaxxv73zsf4oF6+","action":"Initial GetUpdates", "result":""}
{"logTime":"0715/172250","correlationVector":"nozAu81Xaxxv73zsf4oF6+.2","action":"GetUpdates Response", "result":"SERVER_MORE_TO_DOWNLOAD"}
{"logTime":"0715/172250","correlationVector":"3qvVyD5KFI7EKCmeKRUAls","action":"Initial GetUpdates", "result":""}
{"logTime":"0715/172250","correlationVector":"3qvVyD5KFI7EKCmeKRUAls.2","action":"GetUpdates Response", "result":"SYNCER_OK"}
{"logTime":"0715/172254","correlationVector":"ugm3O8tT9UCNUV6DlzxyH0","action":"SyncServerConnectionManagerRequest", "result":"SYNC_SERVER_OK", "context":{"environment":"", "server":""}}
{"logTime":"0715/172254","correlationVector":"7Dcg4VPneNotiY/sJAQ5Mq","action":"Initial GetUpdates", "result":""}
{"logTime":"0715/172255","correlationVector":"7Dcg4VPneNotiY/sJAQ5Mq.1","action":"SyncServerConnectionManagerRequest", "result":"SYNC_SERVER_OK", "context":{"environment":"48F630A6-CB1B-4CC7-86AF-0F6627234B58", "server":"BN3PEPF00000865"}}
{"logTime":"0715/172255","correlationVector":"7Dcg4VPneNotiY/sJAQ5Mq.2","action":"GetUpdates Response", "result":"SERVER_MORE_TO_DOWNLOAD"}
{"logTime":"0715/172255","correlationVector":"rafqGr7ePwA9kexRF6XFs9","action":"Initial GetUpdates", "result":""}
{"logTime":"0715/172255","correlationVector":"rafqGr7ePwA9kexRF6XFs9.1","action":"SyncServerConnectionManagerRequest", "result":"SYNC_SERVER_OK", "context":{"environment":"48F630A6-CB1B-4CC7-86AF-0F6627234B58", "server":"BN3PEPF00000865"}}
{"logTime":"0715/172255","correlationVector":"rafqGr7ePwA9kexRF6XFs9.2","action":"GetUpdates Response", "result":"SYNCER_OK"}
{"logTime":"0715/172255","correlationVector":"ydGY03YItto313aesSZmPd","action":"Normal GetUpdate request", "result":""}
{"logTime":"0715/172255","correlationVector":"ydGY03YItto313aesSZmPd.1","action":"SyncServerConnectionManagerRequest", "result":"SYNC_SERVER_OK", "context":{"environment":"48F630A6-CB1B-4CC7-86AF-0F6627234B58", "server":"BN3PEPF00000865"}}
{"logTime":"0715/172255","correlationVector":"ydGY03YItto313aesSZmPd.2","action":"GetUpdates Response", "result":"SYNCER_OK"}
{"logTime":"0715/172255","correlationVector":"dSPH7+aDIu/4SNFZIIl6IZ","action":"Commit Request", "result":""}
{"logTime":"0715/172255","correlationVector":"dSPH7+aDIu/4SNFZIIl6IZ.1","action":"SyncServerConnectionManagerRequest", "result":"SYNC_SERVER_OK", "context":{"environment":"48F630A6-CB1B-4CC7-86AF-0F6627234B58", "server":"BN3PEPF00000865"}}
{"logTime":"0715/172255","correlationVector":"dSPH7+aDIu/4SNFZIIl6IZ.2","action":"Commit Response", "result":"SYNCER_OK"}
{"logTime":"0715/172256","correlationVector":"iTHwj9isThvBRMIzLvHcnM","action":"Normal GetUpdate request", "result":""}
{"logTime":"0715/172256","correlationVector":"iTHwj9isThvBRMIzLvHcnM.1","action":"SyncServerConnectionManagerRequest", "result":"SYNC_SERVER_OK", "context":{"environment":"48F630A6-CB1B-4CC7-86AF-0F6627234B58", "server":"BN3PEPF00000865"}}
{"logTime":"0715/172256","correlationVector":"iTHwj9isThvBRMIzLvHcnM.2","action":"GetUpdates Response", "result":"SYNCER_OK"}
